2025-06-06 05:12:05,659 - semgrep.run_scan - DEBUG - semgrep version 1.2.0
2025-06-06 05:12:05,669 - semgrep.config_resolver - DEBUG - Loading local config from /home/runner/workspace/.config/.semgrep/semgrep_rules.json
2025-06-06 05:12:05,672 - semgrep.config_resolver - DEBUG - Done loading local config from /home/runner/workspace/.config/.semgrep/semgrep_rules.json
2025-06-06 05:12:05,676 - semgrep.config_resolver - DEBUG - Saving rules to /tmp/semgrep-t_wr3oom.rules
2025-06-06 05:12:05,905 - semgrep.semgrep_core - DEBUG - Failed to open resource semgrep-core-proprietary: [Errno 2] No such file or directory: '/tmp/_MEIWhP4G4/semgrep/bin/semgrep-core-proprietary'.
2025-06-06 05:12:06,453 - semgrep.rule_lang - DEBUG - semgrep-core validation response: valid=True
2025-06-06 05:12:06,454 - semgrep.rule_lang - DEBUG - semgrep-core validation succeeded
2025-06-06 05:12:06,454 - semgrep.rule_lang - DEBUG - RPC validation succeeded
2025-06-06 05:12:06,454 - semgrep.config_resolver - DEBUG - loaded 1 configs in 0.7860119342803955
2025-06-06 05:12:06,528 - semgrep.run_scan - VERBOSE - running 712 rules from 1 config /home/runner/workspace/.config/.semgrep/semgrep_rules.json_0
2025-06-06 05:12:06,528 - semgrep.run_scan - VERBOSE - No .semgrepignore found. Using default .semgrepignore rules. See the docs for the list of default ignores: https://semgrep.dev/docs/cli-usage/#ignore-files
2025-06-06 05:12:06,530 - semgrep.run_scan - VERBOSE - Rules:
2025-06-06 05:12:06,531 - semgrep.run_scan - VERBOSE - <SKIPPED DATA (too many entries; use --max-log-list-entries)>
2025-06-06 05:12:07,939 - semgrep.core_runner - DEBUG - Passing whole rules directly to semgrep_core
2025-06-06 05:12:08,428 - semgrep.core_runner - DEBUG - Running Semgrep engine with command:
2025-06-06 05:12:08,428 - semgrep.core_runner - DEBUG - /tmp/_MEIWhP4G4/semgrep/bin/opengrep-core -json -rules /tmp/tmp35k0c3s8.json -j 8 -targets /tmp/tmpa69gmm3e -timeout 5 -timeout_threshold 3 -max_memory 0 -fast
2025-06-06 05:12:27,690 - semgrep.core_runner - DEBUG - --- semgrep-core stderr ---
[00.07][[34mINFO[0m]: Executed as: /tmp/_MEIWhP4G4/semgrep/bin/opengrep-core -json -rules /tmp/tmp35k0c3s8.json -j 8 -targets /tmp/tmpa69gmm3e -timeout 5 -timeout_threshold 3 -max_memory 0 -fast
[00.07][[34mINFO[0m]: Version: 1.2.0
[00.07][[34mINFO[0m]: Parsing rules in /tmp/tmp35k0c3s8.json
[00.64][[34mINFO[0m]: scan: processing 1058 files (skipping 0), with 454 rules (skipping 0 )
[08.51][[33mWARNING[0m]: Fixpoint timeout while performing taint analysis [rule: config..semgrep.vendored-rules.javascript.lang.security.audit.detect-non-literal-fs-filename file: attached_assets/script.js func: ???]
[0m[10.69][[33mWARNING[0m]: Fixpoint timeout while performing taint analysis [rule: config..semgrep.vendored-rules.typescript.react.security.audit.react-href-var file: client_backup/src/components/layout/MainNavbar.tsx func: MainNavbar:51207]
[0m[10.77][[33mWARNING[0m]: Fixpoint timeout while performing taint analysis [rule: config..semgrep.vendored-rules.javascript.express.security.cors-misconfiguration file: client/src/pages/projects/ProjectDetail.tsx func: ProjectDetail:48556]
[0m[10.99][[33mWARNING[0m]: Fixpoint timeout while performing taint analysis [rule: config..semgrep.vendored-rules.javascript.lang.security.audit.unsafe-formatstring file: client_backup/src/components/layout/MainNavbar.tsx func: MainNavbar:51207]
[0m[12.05][[33mWARNING[0m]: Fixpoint timeout while performing taint analysis [rule: config..semgrep.vendored-rules.javascript.express.security.express-insecure-template-usage file: attached_assets/script.js func: ???]
[0m[13.12][[33mWARNING[0m]: Fixpoint timeout while performing taint analysis [rule: config..semgrep.vendored-rules.typescript.react.security.audit.react-href-var file: client/src/pages/Home.tsx func: Home:59643]
[0m[13.14][[33mWARNING[0m]: Fixpoint timeout while performing taint analysis [rule: config..semgrep.vendored-rules.javascript.express.security.cors-misconfiguration file: client_backup/src/pages/projects/ProjectDetail.tsx func: ProjectDetail:56864]
[0m[13.37][[33mWARNING[0m]: Fixpoint timeout while performing taint analysis [rule: config..semgrep.vendored-rules.javascript.lang.security.audit.unsafe-formatstring file: client/src/pages/Home.tsx func: Home:59643]
[0m[13.57][[33mWARNING[0m]: Fixpoint timeout while performing taint analysis [rule: config..semgrep.vendored-rules.javascript.lang.security.audit.detect-non-literal-require file: client/src/pages/Home.tsx func: Home:59643]
[0m[19.21][[34mINFO[0m]: Custom ignore pattern: None
[19.21][[34mINFO[0m]: Custom ignore pattern: None
--- end semgrep-core stderr ---
2025-06-06 05:12:27,698 - semgrep.rule_match - DEBUG - match_key = ('', PosixPath('attached_assets/index.html'), 'config..semgrep.vendored-rules.html.security.audit.missing-integrity') match_id = 8abf8d9db63038f272f870061eca0e31c4d91283b39796242cbeb2ef61b35034b6854d0a3d0878675de0aa5492ba0e226d75269395d0e3b6aa064255a28e9b33_0
2025-06-06 05:12:27,700 - semgrep.rule_match - DEBUG - match_key = (' rel="stylesheet" href="https://cdnjs.cloudflare.com/ajax/libs/font-awesome/6.0.0/css/all.min.css" / (?is).*integrity= (google-analytics\\.com|fonts\\.googleapis\\.com|fonts\\.gstatic\\.com|googletagmanager\\.com) .*rel\\s*=\\s*[\'"]?preconnect.* href="... :// ..." href="//..." href=\'... :// ...\' href=\'//...\' src="... :// ..." src="//..." src=\'... :// ...\' src=\'//...\' <link  rel="stylesheet" href="https://cdnjs.cloudflare.com/ajax/libs/font-awesome/6.0.0/css/all.min.css" / > <script  rel="stylesheet" href="https://cdnjs.cloudflare.com/ajax/libs/font-awesome/6.0.0/css/all.min.css" / >...</script>', PosixPath('attached_assets/index.html'), 'config..semgrep.vendored-rules.html.security.audit.missing-integrity') match_id = 26f9813f260b3079b6c617846c5e346468b0751e34cd36d24d6523198f63f66b9b9ebc53267822060c51af5dec59bc2624b81f3215e937ba9347152aca37c435_0
2025-06-06 05:12:27,701 - semgrep.rule_match - DEBUG - match_key = (' rel="stylesheet" href="https://cdnjs.cloudflare.com/ajax/libs/font-awesome/6.0.0/css/all.min.css" / (?is).*integrity= (google-analytics\\.com|fonts\\.googleapis\\.com|fonts\\.gstatic\\.com|googletagmanager\\.com) .*rel\\s*=\\s*[\'"]?preconnect.* href="... :// ..." href="//..." href=\'... :// ...\' href=\'//...\' src="... :// ..." src="//..." src=\'... :// ...\' src=\'//...\' <link  rel="stylesheet" href="https://cdnjs.cloudflare.com/ajax/libs/font-awesome/6.0.0/css/all.min.css" / > <script  rel="stylesheet" href="https://cdnjs.cloudflare.com/ajax/libs/font-awesome/6.0.0/css/all.min.css" / >...</script>', PosixPath('attached_assets/index.html'), 'config..semgrep.vendored-rules.html.security.audit.missing-integrity') match_id = 26f9813f260b3079b6c617846c5e346468b0751e34cd36d24d6523198f63f66b9b9ebc53267822060c51af5dec59bc2624b81f3215e937ba9347152aca37c435_0
2025-06-06 05:12:27,701 - semgrep.rule_match - DEBUG - match_key = (' rel="stylesheet" href="https://cdnjs.cloudflare.com/ajax/libs/font-awesome/6.0.0/css/all.min.css" / (?is).*integrity= (google-analytics\\.com|fonts\\.googleapis\\.com|fonts\\.gstatic\\.com|googletagmanager\\.com) .*rel\\s*=\\s*[\'"]?preconnect.* href="... :// ..." href="//..." href=\'... :// ...\' href=\'//...\' src="... :// ..." src="//..." src=\'... :// ...\' src=\'//...\' <link  rel="stylesheet" href="https://cdnjs.cloudflare.com/ajax/libs/font-awesome/6.0.0/css/all.min.css" / > <script  rel="stylesheet" href="https://cdnjs.cloudflare.com/ajax/libs/font-awesome/6.0.0/css/all.min.css" / >...</script>', PosixPath('attached_assets/index.html'), 'config..semgrep.vendored-rules.html.security.audit.missing-integrity') match_id = 26f9813f260b3079b6c617846c5e346468b0751e34cd36d24d6523198f63f66b9b9ebc53267822060c51af5dec59bc2624b81f3215e937ba9347152aca37c435_0
2025-06-06 05:12:27,702 - semgrep.rule_match - DEBUG - match_key = ('', PosixPath('client/index.html'), 'config..semgrep.vendored-rules.html.security.audit.missing-integrity') match_id = 0ee74fd49637bebe183eca7188dbde26e386314e62cc2e7ba1ee60b377b638243fcd84e6c6fa04886198ccacfa6a711bfbcc61a28f9ddc913d5b3c53083cbc90_0
2025-06-06 05:12:27,703 - semgrep.rule_match - DEBUG - match_key = (' type="text/javascript" src="https://replit.com/public/js/replit-dev-banner.js" (?is).*integrity= (google-analytics\\.com|fonts\\.googleapis\\.com|fonts\\.gstatic\\.com|googletagmanager\\.com) .*rel\\s*=\\s*[\'"]?preconnect.* href="... :// ..." href="//..." href=\'... :// ...\' href=\'//...\' src="... :// ..." src="//..." src=\'... :// ...\' src=\'//...\' <link  type="text/javascript" src="https://replit.com/public/js/replit-dev-banner.js" > <script  type="text/javascript" src="https://replit.com/public/js/replit-dev-banner.js" >...</script>', PosixPath('client/index.html'), 'config..semgrep.vendored-rules.html.security.audit.missing-integrity') match_id = 0728b64e224596592d04447ba8a642ff94e1fb9fcc07be26d49dc7e7f6898e638ad16ffcaca086932c58f4c6400fe32603323afef02cf9bfebcb0e4a53562a40_0
2025-06-06 05:12:27,704 - semgrep.rule_match - DEBUG - match_key = (' type="text/javascript" src="https://replit.com/public/js/replit-dev-banner.js" (?is).*integrity= (google-analytics\\.com|fonts\\.googleapis\\.com|fonts\\.gstatic\\.com|googletagmanager\\.com) .*rel\\s*=\\s*[\'"]?preconnect.* href="... :// ..." href="//..." href=\'... :// ...\' href=\'//...\' src="... :// ..." src="//..." src=\'... :// ...\' src=\'//...\' <link  type="text/javascript" src="https://replit.com/public/js/replit-dev-banner.js" > <script  type="text/javascript" src="https://replit.com/public/js/replit-dev-banner.js" >...</script>', PosixPath('client/index.html'), 'config..semgrep.vendored-rules.html.security.audit.missing-integrity') match_id = 0728b64e224596592d04447ba8a642ff94e1fb9fcc07be26d49dc7e7f6898e638ad16ffcaca086932c58f4c6400fe32603323afef02cf9bfebcb0e4a53562a40_0
2025-06-06 05:12:27,704 - semgrep.rule_match - DEBUG - match_key = (' type="text/javascript" src="https://replit.com/public/js/replit-dev-banner.js" (?is).*integrity= (google-analytics\\.com|fonts\\.googleapis\\.com|fonts\\.gstatic\\.com|googletagmanager\\.com) .*rel\\s*=\\s*[\'"]?preconnect.* href="... :// ..." href="//..." href=\'... :// ...\' href=\'//...\' src="... :// ..." src="//..." src=\'... :// ...\' src=\'//...\' <link  type="text/javascript" src="https://replit.com/public/js/replit-dev-banner.js" > <script  type="text/javascript" src="https://replit.com/public/js/replit-dev-banner.js" >...</script>', PosixPath('client/index.html'), 'config..semgrep.vendored-rules.html.security.audit.missing-integrity') match_id = 0728b64e224596592d04447ba8a642ff94e1fb9fcc07be26d49dc7e7f6898e638ad16ffcaca086932c58f4c6400fe32603323afef02cf9bfebcb0e4a53562a40_0
2025-06-06 05:12:27,705 - semgrep.rule_match - DEBUG - match_key = ('', PosixPath('client_backup/index.html'), 'config..semgrep.vendored-rules.html.security.audit.missing-integrity') match_id = 27658df838bd471f6b618de4f17ac253e5e104ee8bd5b35933b5e514a943fc968585c5012fadd9a81370b51bff1d631d213393048bb363b3d045fcc0710938fa_0
2025-06-06 05:12:27,705 - semgrep.rule_match - DEBUG - match_key = (' type="text/javascript" src="https://replit.com/public/js/replit-dev-banner.js" (?is).*integrity= (google-analytics\\.com|fonts\\.googleapis\\.com|fonts\\.gstatic\\.com|googletagmanager\\.com) .*rel\\s*=\\s*[\'"]?preconnect.* href="... :// ..." href="//..." href=\'... :// ...\' href=\'//...\' src="... :// ..." src="//..." src=\'... :// ...\' src=\'//...\' <link  type="text/javascript" src="https://replit.com/public/js/replit-dev-banner.js" > <script  type="text/javascript" src="https://replit.com/public/js/replit-dev-banner.js" >...</script>', PosixPath('client_backup/index.html'), 'config..semgrep.vendored-rules.html.security.audit.missing-integrity') match_id = 31fa52fc2ba3605a53ddc260414031681cbd39df05e88454651b509f3ec26c9b8cf02194ba4f55b794dadaf1a482be5eb5c692d9014407f31a090e0f98db230a_0
2025-06-06 05:12:27,706 - semgrep.rule_match - DEBUG - match_key = (' type="text/javascript" src="https://replit.com/public/js/replit-dev-banner.js" (?is).*integrity= (google-analytics\\.com|fonts\\.googleapis\\.com|fonts\\.gstatic\\.com|googletagmanager\\.com) .*rel\\s*=\\s*[\'"]?preconnect.* href="... :// ..." href="//..." href=\'... :// ...\' href=\'//...\' src="... :// ..." src="//..." src=\'... :// ...\' src=\'//...\' <link  type="text/javascript" src="https://replit.com/public/js/replit-dev-banner.js" > <script  type="text/javascript" src="https://replit.com/public/js/replit-dev-banner.js" >...</script>', PosixPath('client_backup/index.html'), 'config..semgrep.vendored-rules.html.security.audit.missing-integrity') match_id = 31fa52fc2ba3605a53ddc260414031681cbd39df05e88454651b509f3ec26c9b8cf02194ba4f55b794dadaf1a482be5eb5c692d9014407f31a090e0f98db230a_0
2025-06-06 05:12:27,707 - semgrep.rule_match - DEBUG - match_key = (' type="text/javascript" src="https://replit.com/public/js/replit-dev-banner.js" (?is).*integrity= (google-analytics\\.com|fonts\\.googleapis\\.com|fonts\\.gstatic\\.com|googletagmanager\\.com) .*rel\\s*=\\s*[\'"]?preconnect.* href="... :// ..." href="//..." href=\'... :// ...\' href=\'//...\' src="... :// ..." src="//..." src=\'... :// ...\' src=\'//...\' <link  type="text/javascript" src="https://replit.com/public/js/replit-dev-banner.js" > <script  type="text/javascript" src="https://replit.com/public/js/replit-dev-banner.js" >...</script>', PosixPath('client_backup/index.html'), 'config..semgrep.vendored-rules.html.security.audit.missing-integrity') match_id = 31fa52fc2ba3605a53ddc260414031681cbd39df05e88454651b509f3ec26c9b8cf02194ba4f55b794dadaf1a482be5eb5c692d9014407f31a090e0f98db230a_0
2025-06-06 05:12:27,707 - semgrep.rule_match - DEBUG - match_key = ('', PosixPath('server/index.ts'), 'config..semgrep.vendored-rules.javascript.lang.security.audit.unsafe-formatstring') match_id = 90ef6dd8bf3ebf9fa0ce0f5eaee0b53ba6deb8645991781820851ac7cb8c89cc8221427658623d3516a1d8d64ab047ad1434dcec3d73cee2453889cfb14d82e8_0
2025-06-06 05:12:27,708 - semgrep.rule_match - DEBUG - match_key = ('"..." + "..."\n $X + $Y $X.concat($Y) `...${...}...`\n $X.concat("...")\n `Error [status]: $UTIL = require(\'util\')\n...\n $UTIL.format(`Error [status]:,err,...)\n console.error(`Error [status]:,err,...)\n', PosixPath('server/index.ts'), 'config..semgrep.vendored-rules.javascript.lang.security.audit.unsafe-formatstring') match_id = 30d73bfd66f8bf551c6f586a9ba79c977fc31575fa5f28693d734801986663b5c3711222346054f2ac387569da80b456465ef091be0749196e5a809fbea1c897_0
2025-06-06 05:12:27,708 - semgrep.rule_match - DEBUG - match_key = ('"..." + "..."\n $X + $Y $X.concat($Y) `...${...}...`\n $X.concat("...")\n `Error [status]: $UTIL = require(\'util\')\n...\n $UTIL.format(`Error [status]:,err,...)\n console.error(`Error [status]:,err,...)\n', PosixPath('server/index.ts'), 'config..semgrep.vendored-rules.javascript.lang.security.audit.unsafe-formatstring') match_id = 30d73bfd66f8bf551c6f586a9ba79c977fc31575fa5f28693d734801986663b5c3711222346054f2ac387569da80b456465ef091be0749196e5a809fbea1c897_0
2025-06-06 05:12:27,709 - semgrep.rule_match - DEBUG - match_key = ('"..." + "..."\n $X + $Y $X.concat($Y) `...${...}...`\n $X.concat("...")\n `Error [status]: $UTIL = require(\'util\')\n...\n $UTIL.format(`Error [status]:,err,...)\n console.error(`Error [status]:,err,...)\n', PosixPath('server/index.ts'), 'config..semgrep.vendored-rules.javascript.lang.security.audit.unsafe-formatstring') match_id = 30d73bfd66f8bf551c6f586a9ba79c977fc31575fa5f28693d734801986663b5c3711222346054f2ac387569da80b456465ef091be0749196e5a809fbea1c897_0
2025-06-06 05:12:27,711 - semgrep.core_runner - DEBUG - semgrep ran in 0:00:19.772362 on 413 files
2025-06-06 05:12:27,713 - semgrep.core_runner - DEBUG - findings summary: 3 warning, 0 error, 1 info
2025-06-06 05:12:27,719 - semgrep.app.auth - DEBUG - Getting API token from settings file
2025-06-06 05:12:27,719 - semgrep.app.auth - DEBUG - No API token found in settings file
2025-06-06 05:12:27,720 - semgrep.semgrep_core - DEBUG - Failed to open resource semgrep-core-proprietary: [Errno 2] No such file or directory: '/tmp/_MEIWhP4G4/semgrep/bin/semgrep-core-proprietary'.
2025-06-06 05:12:27,855 - semgrep.output - VERBOSE - 
========================================
Files skipped:
========================================

  Always skipped by Opengrep:

   • <none>

  Skipped by .gitignore:
  (Disable by passing --no-git-ignore)

   • <all files not listed by `git ls-files` were skipped>

  Skipped by .semgrepignore:
  - https://semgrep.dev/docs/ignoring-files-folders-code/#understand-semgrep-defaults

   • <none>

  Skipped by --include patterns:

   • <none>

  Skipped by --exclude patterns:

   • <none>

  Files skipped due to insufficient read permissions:

   • <none>

  Skipped by limiting to files smaller than 1000000 bytes:
  (Adjust with the --max-target-bytes flag)

   • .config/.semgrep/semgrep_rules.json
   • attached_assets/logo.png
   • client/public/images/logo.png
   • client_backup/public/images/logo.png
   • deploy-build/images/logo.png
   • deploy-ready/images/logo.png
   • generated-icon.png
   • images/logo.png
   • public/images/logo.png
   • static-build/images/logo.png

  Partially analyzed due to parsing or internal Opengrep errors

   • attached_assets/index.html (4 lines skipped)
   • deploy-build/index.html (2 lines skipped)
   • netlify-deploy.html (1 lines skipped)
   • tailwind.config.ts (1 lines skipped)

2025-06-06 05:12:27,857 - semgrep.output - INFO - Some files were skipped or only partially analyzed.
  Scan was limited to files tracked by git.
  Partially scanned: 4 files only partially analyzed due to parsing or internal Opengrep errors
  Scan skipped: 10 files larger than 1.0 MB
  For a full list of skipped files, run opengrep with the --verbose flag.

Ran 435 rules on 413 files: 4 findings.
2025-06-06 05:12:27,857 - semgrep.app.version - DEBUG - Version cache does not exist
2025-06-06 05:12:27,872 - semgrep.metrics - VERBOSE - Not sending pseudonymous metrics since metrics are configured to OFF and registry usage is False
